c:\dev\reversing\driver\x64\release\vc143.pdb
c:\dev\reversing\driver\x64\release\queue.obj
c:\dev\reversing\driver\x64\release\driver.obj
c:\dev\reversing\driver\x64\release\device.obj
c:\dev\reversing\driver\x64\release\driver\driver.cat
c:\dev\reversing\driver\x64\release\driver.sys
c:\dev\reversing\driver\x64\release\driver.pdb
c:\dev\reversing\driver\x64\release\driver.inf
c:\dev\reversing\driver\x64\release\device.tmh
c:\dev\reversing\driver\x64\release\driver.tmh
c:\dev\reversing\driver\x64\release\queue.tmh
c:\dev\reversing\driver\x64\release\driver.cer
c:\dev\reversing\driver\x64\release\driver.tlog\cl.command.1.tlog
c:\dev\reversing\driver\x64\release\driver.tlog\cl.items.tlog
c:\dev\reversing\driver\x64\release\driver.tlog\cl.read.1.tlog
c:\dev\reversing\driver\x64\release\driver.tlog\cl.write.1.tlog
c:\dev\reversing\driver\x64\release\driver.tlog\inf2cat-expand.12140.read.1.tlog
c:\dev\reversing\driver\x64\release\driver.tlog\inf2cat-expand.12140.write.1.tlog
c:\dev\reversing\driver\x64\release\driver.tlog\inf2cat-expand.12728.read.1.tlog
c:\dev\reversing\driver\x64\release\driver.tlog\inf2cat-expand.12728.write.1.tlog
c:\dev\reversing\driver\x64\release\driver.tlog\inf2cat-expand.26420.read.1.tlog
c:\dev\reversing\driver\x64\release\driver.tlog\inf2cat-expand.26420.write.1.tlog
c:\dev\reversing\driver\x64\release\driver.tlog\inf2cat-expand.27296.read.1.tlog
c:\dev\reversing\driver\x64\release\driver.tlog\inf2cat-expand.27296.write.1.tlog
c:\dev\reversing\driver\x64\release\driver.tlog\inf2cat-expand.27876.read.1.tlog
c:\dev\reversing\driver\x64\release\driver.tlog\inf2cat-expand.27876.write.1.tlog
c:\dev\reversing\driver\x64\release\driver.tlog\inf2cat-expand.4864.read.1.tlog
c:\dev\reversing\driver\x64\release\driver.tlog\inf2cat-expand.4864.write.1.tlog
c:\dev\reversing\driver\x64\release\driver.tlog\inf2cat-expand.6520.read.1.tlog
c:\dev\reversing\driver\x64\release\driver.tlog\inf2cat-expand.6520.write.1.tlog
c:\dev\reversing\driver\x64\release\driver.tlog\inf2cat-expand.read.1.tlog
c:\dev\reversing\driver\x64\release\driver.tlog\inf2cat-expand.write.1.tlog
c:\dev\reversing\driver\x64\release\driver.tlog\inf2cat.command.1.tlog
c:\dev\reversing\driver\x64\release\driver.tlog\inf2cat.read.1.tlog
c:\dev\reversing\driver\x64\release\driver.tlog\inf2cat.write.1.tlog
c:\dev\reversing\driver\x64\release\driver.tlog\link.command.1.tlog
c:\dev\reversing\driver\x64\release\driver.tlog\link.read.1.tlog
c:\dev\reversing\driver\x64\release\driver.tlog\link.secondary.1.tlog
c:\dev\reversing\driver\x64\release\driver.tlog\link.write.1.tlog
c:\dev\reversing\driver\x64\release\driver.tlog\signtool.command.1.tlog
c:\dev\reversing\driver\x64\release\driver.tlog\signtool.read.1.tlog
c:\dev\reversing\driver\x64\release\driver.tlog\signtool.timestamp.1.tlog
c:\dev\reversing\driver\x64\release\driver.tlog\signtool.write.1.tlog
c:\dev\reversing\driver\x64\release\driver.tlog\stampinf.command.1.tlog
c:\dev\reversing\driver\x64\release\driver.tlog\stampinf.read.1.tlog
c:\dev\reversing\driver\x64\release\driver.tlog\stampinf.write.1.tlog
c:\dev\reversing\driver\x64\release\driver.tlog\tracewpp.command.1.tlog
c:\dev\reversing\driver\x64\release\driver.tlog\tracewpp.read.1.tlog
c:\dev\reversing\driver\x64\release\driver.tlog\tracewpp.write.1.tlog
